[{"line":2,"elements":[{"line":4,"name":"User is on home page","description":"","type":"background","keyword":"Background","steps":[]},{"start_timestamp":"2025-12-08T12:52:48.369Z","before":[{"result":{"duration":114644996900,"status":"passed"},"match":{"location":"hooks.Hooks.setUp(io.cucumber.java.Scenario)"}}],"line":7,"name":"Login with invalid credentials","description":"","id":"login-functionality;login-with-invalid-credentials","after":[{"result":{"error_message":"org.openqa.selenium.NoSuchSessionException: invalid session id\nBuild info: version: '4.35.0', revision: '1c58e5028b'\nSystem info: os.name: 'Windows 11', os.arch: 'amd64', os.version: '10.0', java.version: '21.0.8'\nDriver info: org.openqa.selenium.chrome.ChromeDriver\nCommand: [5b2e71be1df5d9dbd6cb50c3087d021f, screenshot {}]\nCapabilities {acceptInsecureCerts: false, browserName: chrome, browserVersion: 142.0.7444.176, chrome: {chromedriverVersion: 142.0.7444.175 (302067f14a4..., userDataDir: C:\\Users\\HP\\AppData\\Local\\T...}, fedcm:accounts: true, goog:chromeOptions: {debuggerAddress: localhost:49491}, goog:processID: 16116, networkConnectionEnabled: false, pageLoadStrategy: normal, platformName: windows, proxy: Proxy(), se:cdp: ws://localhost:49491/devtoo..., se:cdpVersion: 142.0.7444.176, setWindowRect: true, strictFileInteractability: false, timeouts: {implicit: 0, pageLoad: 300000, script: 30000}, unhandledPromptBehavior: dismiss and notify, webauthn:extension:credBlob: true, webauthn:extension:largeBlob: true, webauthn:extension:minPinLength: true, webauthn:extension:prf: true, webauthn:virtualAuthenticators: true}\nSession ID: 5b2e71be1df5d9dbd6cb50c3087d021f\r\n\tat java.base/jdk.internal.reflect.DirectConstructorHandleAccessor.newInstance(DirectConstructorHandleAccessor.java:62)\r\n\tat java.base/java.lang.reflect.Constructor.newInstanceWithCaller(Constructor.java:502)\r\n\tat java.base/java.lang.reflect.Constructor.newInstance(Constructor.java:486)\r\n\tat org.openqa.selenium.remote.ErrorCodec.decode(ErrorCodec.java:167)\r\n\tat org.openqa.selenium.remote.codec.w3c.W3CHttpResponseCodec.decode(W3CHttpResponseCodec.java:138)\r\n\tat org.openqa.selenium.remote.codec.w3c.W3CHttpResponseCodec.decode(W3CHttpResponseCodec.java:50)\r\n\tat org.openqa.selenium.remote.HttpCommandExecutor.execute(HttpCommandExecutor.java:215)\r\n\tat org.openqa.selenium.remote.service.DriverCommandExecutor.invokeExecute(DriverCommandExecutor.java:216)\r\n\tat org.openqa.selenium.remote.service.DriverCommandExecutor.execute(DriverCommandExecutor.java:174)\r\n\tat org.openqa.selenium.remote.RemoteWebDriver.execute(RemoteWebDriver.java:557)\r\n\tat org.openqa.selenium.remote.RemoteWebDriver.execute(RemoteWebDriver.java:630)\r\n\tat org.openqa.selenium.remote.RemoteWebDriver.execute(RemoteWebDriver.java:634)\r\n\tat org.openqa.selenium.remote.RemoteWebDriver.getScreenshotAs(RemoteWebDriver.java:346)\r\n\tat hooks.Hooks.tearDown(Hooks.java:29)\r\n","duration":101771900,"status":"failed"},"match":{"location":"hooks.Hooks.tearDown(io.cucumber.java.Scenario)"}}],"type":"scenario","keyword":"Scenario","steps":[{"result":{"error_message":"org.openqa.selenium.NoSuchSessionException: invalid session id: session deleted as the browser has closed the connection\nfrom disconnected: not connected to DevTools\n  (Session info: chrome=142.0.7444.176)\nBuild info: version: '4.35.0', revision: '1c58e5028b'\nSystem info: os.name: 'Windows 11', os.arch: 'amd64', os.version: '10.0', java.version: '21.0.8'\nDriver info: org.openqa.selenium.chrome.ChromeDriver\nCommand: [5b2e71be1df5d9dbd6cb50c3087d021f, get {url=https://automationexercise.com/login}]\nCapabilities {acceptInsecureCerts: false, browserName: chrome, browserVersion: 142.0.7444.176, chrome: {chromedriverVersion: 142.0.7444.175 (302067f14a4..., userDataDir: C:\\Users\\HP\\AppData\\Local\\T...}, fedcm:accounts: true, goog:chromeOptions: {debuggerAddress: localhost:49491}, goog:processID: 16116, networkConnectionEnabled: false, pageLoadStrategy: normal, platformName: windows, proxy: Proxy(), se:cdp: ws://localhost:49491/devtoo..., se:cdpVersion: 142.0.7444.176, setWindowRect: true, strictFileInteractability: false, timeouts: {implicit: 0, pageLoad: 300000, script: 30000}, unhandledPromptBehavior: dismiss and notify, webauthn:extension:credBlob: true, webauthn:extension:largeBlob: true, webauthn:extension:minPinLength: true, webauthn:extension:prf: true, webauthn:virtualAuthenticators: true}\nSession ID: 5b2e71be1df5d9dbd6cb50c3087d021f\r\n\tat java.base/jdk.internal.reflect.DirectConstructorHandleAccessor.newInstance(DirectConstructorHandleAccessor.java:62)\r\n\tat java.base/java.lang.reflect.Constructor.newInstanceWithCaller(Constructor.java:502)\r\n\tat java.base/java.lang.reflect.Constructor.newInstance(Constructor.java:486)\r\n\tat org.openqa.selenium.remote.ErrorCodec.decode(ErrorCodec.java:167)\r\n\tat org.openqa.selenium.remote.codec.w3c.W3CHttpResponseCodec.decode(W3CHttpResponseCodec.java:138)\r\n\tat org.openqa.selenium.remote.codec.w3c.W3CHttpResponseCodec.decode(W3CHttpResponseCodec.java:50)\r\n\tat org.openqa.selenium.remote.HttpCommandExecutor.execute(HttpCommandExecutor.java:215)\r\n\tat org.openqa.selenium.remote.service.DriverCommandExecutor.invokeExecute(DriverCommandExecutor.java:216)\r\n\tat org.openqa.selenium.remote.service.DriverCommandExecutor.execute(DriverCommandExecutor.java:174)\r\n\tat org.openqa.selenium.remote.RemoteWebDriver.execute(RemoteWebDriver.java:557)\r\n\tat org.openqa.selenium.remote.RemoteWebDriver.get(RemoteWebDriver.java:325)\r\n\tat pageObjects.LoginPage.navigateTo(LoginPage.java:29)\r\n\tat stepDefinitions.LoginSteps.user_navigates_to_login_page(LoginSteps.java:25)\r\n\tat ✽.user navigates to login page(file:///C:/Users/HP/eclipse-workspace/Selenium%20-%20Framework%20Project/SeleniumFrameworkDesign/src/test/resources/feature/login.feature:8)\r\n","duration":33332771100,"status":"failed"},"line":8,"name":"user navigates to login page","match":{"location":"stepDefinitions.LoginSteps.user_navigates_to_login_page()"},"keyword":"Given "},{"result":{"duration":1997100,"status":"skipped"},"line":9,"name":"user enters email \"invalidEmail\" and password \"wrongPassword\"","match":{"arguments":[{"val":"\"invalidEmail\"","offset":18},{"val":"\"wrongPassword\"","offset":46}],"location":"stepDefinitions.LoginSteps.user_enters_email_and_password(java.lang.String,java.lang.String)"},"keyword":"When "},{"result":{"duration":10265400,"status":"skipped"},"line":10,"name":"clicks on Login button","match":{"location":"stepDefinitions.LoginSteps.clicks_on_login_button()"},"keyword":"And "},{"result":{"duration":996600,"status":"skipped"},"line":11,"name":"error message should be displayed","match":{"location":"stepDefinitions.LoginSteps.error_message_should_be_displayed()"},"keyword":"Then "}],"tags":[{"name":"@smoketest"},{"name":"@Negative"}]},{"line":4,"name":"User is on home page","description":"","type":"background","keyword":"Background","steps":[]},{"start_timestamp":"2025-12-08T12:55:18.084Z","before":[{"result":{"duration":4586210700,"status":"passed"},"match":{"location":"hooks.Hooks.setUp(io.cucumber.java.Scenario)"}}],"line":14,"name":"Login with valid credentials","description":"","id":"login-functionality;login-with-valid-credentials","after":[{"result":{"error_message":"org.openqa.selenium.NoSuchWindowException: no such window: target window already closed\nfrom unknown error: web view not found\n  (Session info: chrome=142.0.7444.176)\nBuild info: version: '4.35.0', revision: '1c58e5028b'\nSystem info: os.name: 'Windows 11', os.arch: 'amd64', os.version: '10.0', java.version: '21.0.8'\nDriver info: org.openqa.selenium.chrome.ChromeDriver\nCommand: [c4aefd51deb19d0a13c47cf67c6035bb, screenshot {}]\nCapabilities {acceptInsecureCerts: false, browserName: chrome, browserVersion: 142.0.7444.176, chrome: {chromedriverVersion: 142.0.7444.175 (302067f14a4..., userDataDir: C:\\Users\\HP\\AppData\\Local\\T...}, fedcm:accounts: true, goog:chromeOptions: {debuggerAddress: localhost:63415}, goog:processID: 18852, networkConnectionEnabled: false, pageLoadStrategy: normal, platformName: windows, proxy: Proxy(), se:cdp: ws://localhost:63415/devtoo..., se:cdpVersion: 142.0.7444.176, setWindowRect: true, strictFileInteractability: false, timeouts: {implicit: 0, pageLoad: 300000, script: 30000}, unhandledPromptBehavior: dismiss and notify, webauthn:extension:credBlob: true, webauthn:extension:largeBlob: true, webauthn:extension:minPinLength: true, webauthn:extension:prf: true, webauthn:virtualAuthenticators: true}\nSession ID: c4aefd51deb19d0a13c47cf67c6035bb\r\n\tat java.base/jdk.internal.reflect.DirectConstructorHandleAccessor.newInstance(DirectConstructorHandleAccessor.java:62)\r\n\tat java.base/java.lang.reflect.Constructor.newInstanceWithCaller(Constructor.java:502)\r\n\tat java.base/java.lang.reflect.Constructor.newInstance(Constructor.java:486)\r\n\tat org.openqa.selenium.remote.ErrorCodec.decode(ErrorCodec.java:167)\r\n\tat org.openqa.selenium.remote.codec.w3c.W3CHttpResponseCodec.decode(W3CHttpResponseCodec.java:138)\r\n\tat org.openqa.selenium.remote.codec.w3c.W3CHttpResponseCodec.decode(W3CHttpResponseCodec.java:50)\r\n\tat org.openqa.selenium.remote.HttpCommandExecutor.execute(HttpCommandExecutor.java:215)\r\n\tat org.openqa.selenium.remote.service.DriverCommandExecutor.invokeExecute(DriverCommandExecutor.java:216)\r\n\tat org.openqa.selenium.remote.service.DriverCommandExecutor.execute(DriverCommandExecutor.java:174)\r\n\tat org.openqa.selenium.remote.RemoteWebDriver.execute(RemoteWebDriver.java:557)\r\n\tat org.openqa.selenium.remote.RemoteWebDriver.execute(RemoteWebDriver.java:630)\r\n\tat org.openqa.selenium.remote.RemoteWebDriver.execute(RemoteWebDriver.java:634)\r\n\tat org.openqa.selenium.remote.RemoteWebDriver.getScreenshotAs(RemoteWebDriver.java:346)\r\n\tat hooks.Hooks.tearDown(Hooks.java:29)\r\n","duration":33397600,"status":"failed"},"match":{"location":"hooks.Hooks.tearDown(io.cucumber.java.Scenario)"}}],"type":"scenario","keyword":"Scenario","steps":[{"result":{"duration":4371351000,"status":"passed"},"line":15,"name":"user navigates to login page","match":{"location":"stepDefinitions.LoginSteps.user_navigates_to_login_page()"},"keyword":"Given "},{"result":{"duration":964622400,"status":"passed"},"line":16,"name":"user enters email \"validEmail\" and password \"validPassword\"","match":{"arguments":[{"val":"\"validEmail\"","offset":18},{"val":"\"validPassword\"","offset":44}],"location":"stepDefinitions.LoginSteps.user_enters_email_and_password(java.lang.String,java.lang.String)"},"keyword":"When "},{"result":{"duration":58339764400,"status":"passed"},"line":17,"name":"clicks on Login button","match":{"location":"stepDefinitions.LoginSteps.clicks_on_login_button()"},"keyword":"And "},{"result":{"error_message":"java.lang.AssertionError: Expected success message but not found!\r\n\tat org.junit.Assert.fail(Assert.java:89)\r\n\tat org.junit.Assert.assertTrue(Assert.java:42)\r\n\tat stepDefinitions.LoginSteps.user_should_be_logged_in_successfully(LoginSteps.java:48)\r\n\tat ✽.user should be logged in successfully(file:///C:/Users/HP/eclipse-workspace/Selenium%20-%20Framework%20Project/SeleniumFrameworkDesign/src/test/resources/feature/login.feature:18)\r\n","duration":10597975900,"status":"failed"},"line":18,"name":"user should be logged in successfully","match":{"location":"stepDefinitions.LoginSteps.user_should_be_logged_in_successfully()"},"keyword":"Then "}],"tags":[{"name":"@smoketest"},{"name":"@Positive"}]}],"name":"Login functionality","description":"","id":"login-functionality","keyword":"Feature","uri":"file:src/test/resources/feature/login.feature","tags":[{"name":"@smoketest","type":"Tag","location":{"line":1,"column":1}}]}]