{"uid":"9708d6de80c112c7","name":"Login with valid credentials","fullName":"src/test/resources/feature/login.feature:14","historyId":"f6f9eda3e0121dd0c9bf8a7b16307fef","time":{"start":1765198518101,"stop":1765198597099,"duration":78998},"status":"failed","statusMessage":"Expected success message but not found!","statusTrace":"java.lang.AssertionError: Expected success message but not found!\r\n\tat org.junit.Assert.fail(Assert.java:89)\r\n\tat org.junit.Assert.assertTrue(Assert.java:42)\r\n\tat stepDefinitions.LoginSteps.user_should_be_logged_in_successfully(LoginSteps.java:48)\r\n\tat ✽.user should be logged in successfully(file:///C:/Users/HP/eclipse-workspace/Selenium%20-%20Framework%20Project/SeleniumFrameworkDesign/src/test/resources/feature/login.feature:18)\r\n","flaky":false,"newFailed":false,"newBroken":false,"newPassed":false,"retriesCount":2,"retriesStatusChange":true,"beforeStages":[{"name":"hooks.Hooks.setUp(io.cucumber.java.Scenario)","time":{"start":1765198518103,"stop":1765198522690,"duration":4587},"status":"passed","steps":[],"attachments":[],"parameters":[],"hasContent":false,"attachmentStep":false,"stepsCount":0,"attachmentsCount":0,"shouldDisplayMessage":false}],"testStage":{"status":"failed","statusMessage":"Expected success message but not found!","statusTrace":"java.lang.AssertionError: Expected success message but not found!\r\n\tat org.junit.Assert.fail(Assert.java:89)\r\n\tat org.junit.Assert.assertTrue(Assert.java:42)\r\n\tat stepDefinitions.LoginSteps.user_should_be_logged_in_successfully(LoginSteps.java:48)\r\n\tat ✽.user should be logged in successfully(file:///C:/Users/HP/eclipse-workspace/Selenium%20-%20Framework%20Project/SeleniumFrameworkDesign/src/test/resources/feature/login.feature:18)\r\n","steps":[{"name":"Given  user navigates to login page","time":{"start":1765198522698,"stop":1765198527068,"duration":4370},"status":"passed","steps":[],"attachments":[],"parameters":[],"hasContent":false,"attachmentStep":false,"stepsCount":0,"attachmentsCount":0,"shouldDisplayMessage":false},{"name":"When  user enters email \"validEmail\" and password \"validPassword\"","time":{"start":1765198527070,"stop":1765198528036,"duration":966},"status":"passed","steps":[],"attachments":[],"parameters":[],"hasContent":false,"attachmentStep":false,"stepsCount":0,"attachmentsCount":0,"shouldDisplayMessage":false},{"name":"And  clicks on Login button","time":{"start":1765198528036,"stop":1765198586404,"duration":58368},"status":"passed","steps":[],"attachments":[],"parameters":[],"hasContent":false,"attachmentStep":false,"stepsCount":0,"attachmentsCount":0,"shouldDisplayMessage":false},{"name":"Then  user should be logged in successfully","time":{"start":1765198586417,"stop":1765198597030,"duration":10613},"status":"failed","statusMessage":"Expected success message but not found!","statusTrace":"java.lang.AssertionError: Expected success message but not found!\r\n\tat org.junit.Assert.fail(Assert.java:89)\r\n\tat org.junit.Assert.assertTrue(Assert.java:42)\r\n\tat stepDefinitions.LoginSteps.user_should_be_logged_in_successfully(LoginSteps.java:48)\r\n\tat ✽.user should be logged in successfully(file:///C:/Users/HP/eclipse-workspace/Selenium%20-%20Framework%20Project/SeleniumFrameworkDesign/src/test/resources/feature/login.feature:18)\r\n","steps":[],"attachments":[],"parameters":[],"hasContent":true,"attachmentStep":false,"stepsCount":0,"attachmentsCount":0,"shouldDisplayMessage":true}],"attachments":[],"parameters":[],"hasContent":true,"attachmentStep":false,"stepsCount":4,"attachmentsCount":0,"shouldDisplayMessage":false},"afterStages":[{"name":"hooks.Hooks.tearDown(io.cucumber.java.Scenario)","time":{"start":1765198597039,"stop":1765198597080,"duration":41},"status":"broken","statusMessage":"AFTER is failed: no such window: target window already closed\nfrom unknown error: web view not found\n  (Session info: chrome=142.0.7444.176)\nBuild info: version: '4.35.0', revision: '1c58e5028b'\nSystem info: os.name: 'Windows 11', os.arch: 'amd64', os.version: '10.0', java.version: '21.0.8'\nDriver info: org.openqa.selenium.chrome.ChromeDriver\nCommand: [c4aefd51deb19d0a13c47cf67c6035bb, screenshot {}]\nCapabilities {acceptInsecureCerts: false, browserName: chrome, browserVersion: 142.0.7444.176, chrome: {chromedriverVersion: 142.0.7444.175 (302067f14a4..., userDataDir: C:\\Users\\HP\\AppData\\Local\\T...}, fedcm:accounts: true, goog:chromeOptions: {debuggerAddress: localhost:63415}, goog:processID: 18852, networkConnectionEnabled: false, pageLoadStrategy: normal, platformName: windows, proxy: Proxy(), se:cdp: ws://localhost:63415/devtoo..., se:cdpVersion: 142.0.7444.176, setWindowRect: true, strictFileInteractability: false, timeouts: {implicit: 0, pageLoad: 300000, script: 30000}, unhandledPromptBehavior: dismiss and notify, webauthn:extension:credBlob: true, webauthn:extension:largeBlob: true, webauthn:extension:minPinLength: true, webauthn:extension:prf: true, webauthn:virtualAuthenticators: true}\nSession ID: c4aefd51deb19d0a13c47cf67c6035bb","statusTrace":"org.openqa.selenium.NoSuchWindowException: no such window: target window already closed\nfrom unknown error: web view not found\n  (Session info: chrome=142.0.7444.176)\nBuild info: version: '4.35.0', revision: '1c58e5028b'\nSystem info: os.name: 'Windows 11', os.arch: 'amd64', os.version: '10.0', java.version: '21.0.8'\nDriver info: org.openqa.selenium.chrome.ChromeDriver\nCommand: [c4aefd51deb19d0a13c47cf67c6035bb, screenshot {}]\nCapabilities {acceptInsecureCerts: false, browserName: chrome, browserVersion: 142.0.7444.176, chrome: {chromedriverVersion: 142.0.7444.175 (302067f14a4..., userDataDir: C:\\Users\\HP\\AppData\\Local\\T...}, fedcm:accounts: true, goog:chromeOptions: {debuggerAddress: localhost:63415}, goog:processID: 18852, networkConnectionEnabled: false, pageLoadStrategy: normal, platformName: windows, proxy: Proxy(), se:cdp: ws://localhost:63415/devtoo..., se:cdpVersion: 142.0.7444.176, setWindowRect: true, strictFileInteractability: false, timeouts: {implicit: 0, pageLoad: 300000, script: 30000}, unhandledPromptBehavior: dismiss and notify, webauthn:extension:credBlob: true, webauthn:extension:largeBlob: true, webauthn:extension:minPinLength: true, webauthn:extension:prf: true, webauthn:virtualAuthenticators: true}\nSession ID: c4aefd51deb19d0a13c47cf67c6035bb\r\n\tat java.base/jdk.internal.reflect.DirectConstructorHandleAccessor.newInstance(DirectConstructorHandleAccessor.java:62)\r\n\tat java.base/java.lang.reflect.Constructor.newInstanceWithCaller(Constructor.java:502)\r\n\tat java.base/java.lang.reflect.Constructor.newInstance(Constructor.java:486)\r\n\tat org.openqa.selenium.remote.ErrorCodec.decode(ErrorCodec.java:167)\r\n\tat org.openqa.selenium.remote.codec.w3c.W3CHttpResponseCodec.decode(W3CHttpResponseCodec.java:138)\r\n\tat org.openqa.selenium.remote.codec.w3c.W3CHttpResponseCodec.decode(W3CHttpResponseCodec.java:50)\r\n\tat org.openqa.selenium.remote.HttpCommandExecutor.execute(HttpCommandExecutor.java:215)\r\n\tat org.openqa.selenium.remote.service.DriverCommandExecutor.invokeExecute(DriverCommandExecutor.java:216)\r\n\tat org.openqa.selenium.remote.service.DriverCommandExecutor.execute(DriverCommandExecutor.java:174)\r\n\tat org.openqa.selenium.remote.RemoteWebDriver.execute(RemoteWebDriver.java:557)\r\n\tat org.openqa.selenium.remote.RemoteWebDriver.execute(RemoteWebDriver.java:630)\r\n\tat org.openqa.selenium.remote.RemoteWebDriver.execute(RemoteWebDriver.java:634)\r\n\tat org.openqa.selenium.remote.RemoteWebDriver.getScreenshotAs(RemoteWebDriver.java:346)\r\n\tat hooks.Hooks.tearDown(Hooks.java:29)\r\n","steps":[],"attachments":[],"parameters":[],"hasContent":true,"attachmentStep":false,"stepsCount":0,"attachmentsCount":0,"shouldDisplayMessage":true}],"labels":[{"name":"tag","value":"smoketest"},{"name":"tag","value":"Positive"},{"name":"host","value":"DESKTOP-NAIJ774"},{"name":"thread","value":"6932@DESKTOP-NAIJ774.main(1)"},{"name":"feature","value":"Login functionality"},{"name":"story","value":"Login with valid credentials"},{"name":"suite","value":"Login functionality"},{"name":"testClass","value":"Login with valid credentials"},{"name":"framework","value":"cucumber4jvm"},{"name":"language","value":"java"},{"name":"gherkin_uri","value":"file:///C:/Users/HP/eclipse-workspace/Selenium%20-%20Framework%20Project/SeleniumFrameworkDesign/src/test/resources/feature/login.feature"},{"name":"package","value":"src.test.resources.feature.login_feature.Login functionality"},{"name":"resultFormat","value":"allure2"}],"parameters":[],"links":[],"hidden":false,"retry":false,"extra":{"severity":"normal","retries":[{"uid":"88b9edfbc3e19341","status":"passed","time":{"start":1765194891872,"stop":1765194933049,"duration":41177}},{"uid":"2b6f395fbb3828a4","status":"passed","time":{"start":1765194561417,"stop":1765194623656,"duration":62239}}],"categories":[{"name":"Product defects","matchedStatuses":[]}],"tags":["Positive","smoketest"]},"source":"9708d6de80c112c7.json","parameterValues":[]}